[  6] Utilization = 0.01 | pJ/Compute =  510.436 | L5[IWS] N1 - L4[] I2 - L3[] N1 - L2[] N1 - L1[] N17 I17 O8 - L0[] N2 O2 
[  6] Utilization = 0.01 | pJ/Compute =  390.702 | L5[IWS] N1 - L4[] I2 - L3[] N1 - L2[] N1 - L1[] N17 I17 O8 - L0[I] N2 O2 
[  0] Utilization = 0.01 | pJ/Compute =  510.436 | L5[IWS] N1 - L4[] N1 - L3[] N1 - L2[] I17 - L1[] I2 - L0[] N34 O16 
[  5] Utilization = 0.01 | pJ/Compute =  510.436 | L5[IWS] N1 - L4[] I2 - L3[] N1 - L2[] N1 - L1[] N17 O8 - L0[] N2 O2 I17 
[  3] Utilization = 0.01 | pJ/Compute =  510.436 | L5[IWS] N1 - L4[] N17 I17 O2 - L3[] O2 - L2[] N1 - L1[] N1 - L0[] N2 O4 I2 
[  2] Utilization = 0.02 | pJ/Compute =  414.436 | L5[IWS] I2 N17 - L4[] O2 O4X - L3[] N1 - L2[] O2 N2 - L1[] N1 - L0[] I17 
[  4] Utilization = 0.01 | pJ/Compute =  510.436 | L5[IWS] N1 - L4[] I34 - L3[] N1 - L2[] N1 - L1[] O8 N17 - L0[] N2 O2 
[  4] Utilization = 0.01 | pJ/Compute =  446.812 | L5[IWS] N1 - L4[] I34 - L3[] N1 - L2[] N1 - L1[] O8 N17 - L0[I] N2 O2 
[  3] Utilization = 0.01 | pJ/Compute =  390.702 | L5[IWS] N1 - L4[] N17 I17 O2 - L3[] O2 - L2[] N1 - L1[] N1 - L0[I] N2 O4 I2 
[  0] Utilization = 0.01 | pJ/Compute =  392.120 | L5[IWS] N1 - L4[] N1 - L3[] N1 - L2[] I17 - L1[I] I2 - L0[] N34 O16 
[  7] Utilization = 0.01 | pJ/Compute =  510.436 | L5[IWS] N1 - L4[] I2 - L3[] N1 - L2[] I17 - L1[] O8 N17 - L0[] N2 O2 
[  5] Utilization = 0.01 | pJ/Compute =  410.147 | L5[IWS] N1 - L4[I] I2 - L3[] N1 - L2[] N1 - L1[] N17 O8 - L0[] N2 O2 I17 
[  1] Utilization = 0.01 | pJ/Compute =  510.436 | L5[IWS] N1 - L4[] I2 N17 O2 - L3[] O2 I17 - L2[] N1 - L1[] N1 - L0[] N2 O4 
[  7] Utilization = 0.01 | pJ/Compute =  446.812 | L5[IWS] N1 - L4[] I2 - L3[] N1 - L2[] I17 - L1[] O8 N17 - L0[I] N2 O2 
[  4] Utilization = 0.01 | pJ/Compute =  392.120 | L5[IWS] N1 - L4[] I34 - L3[] N1 - L2[] N1 - L1[I] O8 N17 - L0[] N2 O2 
[  7] Utilization = 0.01 | pJ/Compute =  392.120 | L5[IWS] N1 - L4[] I2 - L3[] N1 - L2[] I17 - L1[I] O8 N17 - L0[] N2 O2 
[  7] Utilization = 0.01 | pJ/Compute =  391.704 | L5[IWS] N1 - L4[] I2 - L3[] N1 - L2[] I17 - L1[I] O8 N17 - L0[I] N2 O2 
[  4] Utilization = 0.01 | pJ/Compute =  391.704 | L5[IWS] N1 - L4[] I34 - L3[] N1 - L2[] N1 - L1[I] O8 N17 - L0[I] N2 O2 
[  1] Utilization = 0.01 | pJ/Compute =  414.749 | L5[IWS] N1 - L4[] I2 N17 O2 - L3[] O2 I17 - L2[] N1 - L1[] N1 - L0[I] N2 O4 
[  2] Utilization = 0.02 | pJ/Compute =  396.245 | L5[IWS] I2 N17 - L4[I] O2 O4X - L3[] N1 - L2[] O2 N2 - L1[] N1 - L0[] I17 
[  6] Utilization = 0.01 | pJ/Compute =  327.078 | L5[IWS] N1 - L4[] I2 - L3[] N1 - L2[] N1 - L1[] N17 I17 O8 - L0[IW] N2 O2 
[  0] Utilization = 0.01 | pJ/Compute =  386.459 | L5[IWS] N1 - L4[] N1 - L3[] N1 - L2[] I17 - L1[] I2 - L0[W] N34 O16 
[  1] Utilization = 0.01 | pJ/Compute =  410.147 | L5[IWS] N1 - L4[I] I2 N17 O2 - L3[] O2 I17 - L2[] N1 - L1[] N1 - L0[] N2 O4 
[  7] Utilization = 0.01 | pJ/Compute =  386.459 | L5[IWS] N1 - L4[] I2 - L3[] N1 - L2[] I17 - L1[] O8 N17 - L0[W] N2 O2 
[  7] Utilization = 0.01 | pJ/Compute =  322.835 | L5[IWS] N1 - L4[] I2 - L3[] N1 - L2[] I17 - L1[] O8 N17 - L0[IW] N2 O2 
[  1] Utilization = 0.01 | pJ/Compute =  396.558 | L5[IWS] N1 - L4[I] I2 N17 O2 - L3[] O2 I17 - L2[] N1 - L1[] N1 - L0[I] N2 O4 
[  0] Utilization = 0.01 | pJ/Compute =  268.143 | L5[IWS] N1 - L4[] N1 - L3[] N1 - L2[] I17 - L1[I] I2 - L0[W] N34 O16 
[  2] Utilization = 0.02 | pJ/Compute =  352.814 | L5[IWS] I2 N17 - L4[] O2 O4X - L3[] N1 - L2[] O2 N2 - L1[W] N1 - L0[] I17 
[  7] Utilization = 0.01 | pJ/Compute =  268.143 | L5[IWS] N1 - L4[] I2 - L3[] N1 - L2[] I17 - L1[I] O8 N17 - L0[W] N2 O2 
[  2] Utilization = 0.02 | pJ/Compute =  334.623 | L5[IWS] I2 N17 - L4[I] O2 O4X - L3[] N1 - L2[] O2 N2 - L1[W] N1 - L0[] I17 
[  4] Utilization = 0.01 | pJ/Compute =  386.459 | L5[IWS] N1 - L4[] I34 - L3[] N1 - L2[] N1 - L1[] O8 N17 - L0[W] N2 O2 
[  1] Utilization = 0.01 | pJ/Compute =  351.125 | L5[IWS] N1 - L4[] I2 N17 O2 - L3[] O2 I17 - L2[] N1 - L1[] N1 - L0[IW] N2 O4 
[  7] Utilization = 0.01 | pJ/Compute =  267.727 | L5[IWS] N1 - L4[] I2 - L3[] N1 - L2[] I17 - L1[I] O8 N17 - L0[IW] N2 O2 
[  4] Utilization = 0.01 | pJ/Compute =  322.835 | L5[IWS] N1 - L4[] I34 - L3[] N1 - L2[] N1 - L1[] O8 N17 - L0[IW] N2 O2 
[  4] Utilization = 0.01 | pJ/Compute =  268.143 | L5[IWS] N1 - L4[] I34 - L3[] N1 - L2[] N1 - L1[I] O8 N17 - L0[W] N2 O2 
[  4] Utilization = 0.01 | pJ/Compute =  267.727 | L5[IWS] N1 - L4[] I34 - L3[] N1 - L2[] N1 - L1[I] O8 N17 - L0[IW] N2 O2 
[  1] Utilization = 0.01 | pJ/Compute =  346.523 | L5[IWS] N1 - L4[I] I2 N17 O2 - L3[] O2 I17 - L2[] N1 - L1[] N1 - L0[W] N2 O4 
[  1] Utilization = 0.01 | pJ/Compute =  332.935 | L5[IWS] N1 - L4[I] I2 N17 O2 - L3[] O2 I17 - L2[] N1 - L1[] N1 - L0[IW] N2 O4 
[  3] Utilization = 0.01 | pJ/Compute =  327.078 | L5[IWS] N1 - L4[] N17 I17 O2 - L3[] O2 - L2[] N1 - L1[] N1 - L0[IW] N2 O4 I2 
[  5] Utilization = 0.01 | pJ/Compute =  405.289 | L5[IWS] N1 - L4[W] I2 - L3[] N1 - L2[] N1 - L1[] N17 O8 - L0[] N2 O2 I17 
[  5] Utilization = 0.01 | pJ/Compute =  305.001 | L5[IWS] N1 - L4[IW] I2 - L3[] N1 - L2[] N1 - L1[] N17 O8 - L0[] N2 O2 I17 
[  2] Utilization = 0.02 | pJ/Compute =  309.289 | L5[IWS] I2 N17 - L4[W] O2 O4X - L3[] N1 - L2[] O2 N2 - L1[] N1 - L0[] I17 
[  2] Utilization = 0.02 | pJ/Compute =  291.099 | L5[IWS] I2 N17 - L4[IW] O2 O4X - L3[] N1 - L2[] O2 N2 - L1[] N1 - L0[] I17 
[  6] Utilization = 0.01 | pJ/Compute =  285.556 | L5[IWS] N1 - L4[W] I2 - L3[] N1 - L2[] N1 - L1[] N17 I17 O8 - L0[I] N2 O2 
[  6] Utilization = 0.01 | pJ/Compute =  276.664 | L5[IWS] N1 - L4[W] I2 - L3[] N1 - L2[] N1 - L1[] N17 I17 O8 - L0[IW] N2 O2 
[  2] Utilization = 0.02 | pJ/Compute =  284.209 | L5[IWS] I2 N17 - L4[IW] O2 O4X - L3[] N1 - L2[] O2 N2 - L1[W] N1 - L0[] I17 
[  5] Utilization = 0.01 | pJ/Compute =  270.004 | L5[IWS] N1 - L4[] I2 - L3[] N1 - L2[] N1 - L1[] N17 O8 - L0[S] N2 O2 I17 
[  5] Utilization = 0.01 | pJ/Compute =  169.715 | L5[IWS] N1 - L4[I] I2 - L3[] N1 - L2[] N1 - L1[] N17 O8 - L0[S] N2 O2 I17 
[  5] Utilization = 0.01 | pJ/Compute =  164.857 | L5[IWS] N1 - L4[W] I2 - L3[] N1 - L2[] N1 - L1[] N17 O8 - L0[S] N2 O2 I17 
[  5] Utilization = 0.01 | pJ/Compute =   64.569 | L5[IWS] N1 - L4[IW] I2 - L3[] N1 - L2[] N1 - L1[] N17 O8 - L0[S] N2 O2 I17 
[  2] Utilization = 0.02 | pJ/Compute =  174.004 | L5[IWS] I2 N17 - L4[] O2 O4X - L3[] N1 - L2[] O2 N2 - L1[] N1 - L0[S] I17 
[  2] Utilization = 0.02 | pJ/Compute =  155.813 | L5[IWS] I2 N17 - L4[I] O2 O4X - L3[] N1 - L2[] O2 N2 - L1[] N1 - L0[S] I17 
[  2] Utilization = 0.02 | pJ/Compute =  112.382 | L5[IWS] I2 N17 - L4[] O2 O4X - L3[] N1 - L2[] O2 N2 - L1[W] N1 - L0[S] I17 
[  1] Utilization = 0.01 | pJ/Compute =  309.603 | L5[IWS] N1 - L4[W] I2 N17 O2 - L3[] O2 I17 - L2[] N1 - L1[] N1 - L0[I] N2 O4 
[  1] Utilization = 0.01 | pJ/Compute =  305.001 | L5[IWS] N1 - L4[IW] I2 N17 O2 - L3[] O2 I17 - L2[] N1 - L1[] N1 - L0[] N2 O4 
[  1] Utilization = 0.01 | pJ/Compute =  291.412 | L5[IWS] N1 - L4[IW] I2 N17 O2 - L3[] O2 I17 - L2[] N1 - L1[] N1 - L0[I] N2 O4 
[  2] Utilization = 0.02 | pJ/Compute =   94.191 | L5[IWS] I2 N17 - L4[I] O2 O4X - L3[] N1 - L2[] O2 N2 - L1[W] N1 - L0[S] I17 
[  1] Utilization = 0.01 | pJ/Compute =  282.520 | L5[IWS] N1 - L4[IW] I2 N17 O2 - L3[] O2 I17 - L2[] N1 - L1[] N1 - L0[IW] N2 O4 
[  2] Utilization = 0.02 | pJ/Compute =   68.857 | L5[IWS] I2 N17 - L4[W] O2 O4X - L3[] N1 - L2[] O2 N2 - L1[] N1 - L0[S] I17 
[  2] Utilization = 0.02 | pJ/Compute =   50.667 | L5[IWS] I2 N17 - L4[IW] O2 O4X - L3[] N1 - L2[] O2 N2 - L1[] N1 - L0[S] I17 
[  2] Utilization = 0.02 | pJ/Compute =   43.777 | L5[IWS] I2 N17 - L4[IW] O2 O4X - L3[] N1 - L2[] O2 N2 - L1[W] N1 - L0[S] I17 
[  1] Utilization = 0.01 | pJ/Compute =  270.004 | L5[IWS] N1 - L4[] I2 N17 O2 - L3[] O2 I17 - L2[] N1 - L1[] N1 - L0[S] N2 O4 
[  1] Utilization = 0.01 | pJ/Compute =  174.317 | L5[IWS] N1 - L4[] I2 N17 O2 - L3[] O2 I17 - L2[] N1 - L1[] N1 - L0[IS] N2 O4 
[  1] Utilization = 0.01 | pJ/Compute =  169.715 | L5[IWS] N1 - L4[I] I2 N17 O2 - L3[] O2 I17 - L2[] N1 - L1[] N1 - L0[S] N2 O4 
[  1] Utilization = 0.01 | pJ/Compute =  156.126 | L5[IWS] N1 - L4[I] I2 N17 O2 - L3[] O2 I17 - L2[] N1 - L1[] N1 - L0[IS] N2 O4 
[  1] Utilization = 0.01 | pJ/Compute =  112.362 | L5[IWS] N1 - L4[] I2 N17 O2 - L3[] O2 I17 - L2[] N1 - L1[I] N1 - L0[WS] N2 O4 
[  1] Utilization = 0.01 | pJ/Compute =  110.675 | L5[IWS] N1 - L4[] I2 N17 O2 - L3[] O2 I17 - L2[I] N1 - L1[] N1 - L0[WS] N2 O4 
[  1] Utilization = 0.01 | pJ/Compute =  106.091 | L5[IWS] N1 - L4[I] I2 N17 O2 - L3[] O2 I17 - L2[] N1 - L1[] N1 - L0[WS] N2 O4 
[  1] Utilization = 0.01 | pJ/Compute =   94.171 | L5[IWS] N1 - L4[I] I2 N17 O2 - L3[] O2 I17 - L2[] N1 - L1[I] N1 - L0[WS] N2 O4 
[  1] Utilization = 0.01 | pJ/Compute =   92.484 | L5[IWS] N1 - L4[I] I2 N17 O2 - L3[] O2 I17 - L2[I] N1 - L1[] N1 - L0[WS] N2 O4 
[  3] Utilization = 0.01 | pJ/Compute =  285.556 | L5[IWS] N1 - L4[W] N17 I17 O2 - L3[] O2 - L2[] N1 - L1[] N1 - L0[I] N2 O4 I2 
[  3] Utilization = 0.01 | pJ/Compute =  276.664 | L5[IWS] N1 - L4[W] N17 I17 O2 - L3[] O2 - L2[] N1 - L1[] N1 - L0[IW] N2 O4 I2 
[  1] Utilization = 0.01 | pJ/Compute =   69.171 | L5[IWS] N1 - L4[W] I2 N17 O2 - L3[] O2 I17 - L2[] N1 - L1[] N1 - L0[IS] N2 O4 
[  1] Utilization = 0.01 | pJ/Compute =   64.569 | L5[IWS] N1 - L4[IW] I2 N17 O2 - L3[] O2 I17 - L2[] N1 - L1[] N1 - L0[S] N2 O4 
[  1] Utilization = 0.01 | pJ/Compute =   50.980 | L5[IWS] N1 - L4[IW] I2 N17 O2 - L3[] O2 I17 - L2[] N1 - L1[] N1 - L0[IS] N2 O4 
[  1] Utilization = 0.01 | pJ/Compute =   43.757 | L5[IWS] N1 - L4[IW] I2 N17 O2 - L3[] O2 I17 - L2[] N1 - L1[I] N1 - L0[WS] N2 O4 
[  1] Utilization = 0.01 | pJ/Compute =   42.070 | L5[IWS] N1 - L4[IW] I2 N17 O2 - L3[] O2 I17 - L2[I] N1 - L1[] N1 - L0[WS] N2 O4 
[  3] Utilization = 0.01 | pJ/Compute =  263.322 | L5[IWS] N1 - L4[] N17 I17 O2 - L3[] O2 - L2[] N1 - L1[] N1 - L0[IS] N2 O4 I2 
[  3] Utilization = 0.01 | pJ/Compute =  201.116 | L5[IWS] N1 - L4[] N17 I17 O2 - L3[] O2 - L2[] N1 - L1[I] N1 - L0[WS] N2 O4 I2 
[  3] Utilization = 0.01 | pJ/Compute =  199.683 | L5[IWS] N1 - L4[] N17 I17 O2 - L3[] O2 - L2[I] N1 - L1[] N1 - L0[WS] N2 O4 I2 
[  3] Utilization = 0.01 | pJ/Compute =  158.176 | L5[IWS] N1 - L4[W] N17 I17 O2 - L3[] O2 - L2[] N1 - L1[] N1 - L0[IS] N2 O4 I2 
[  3] Utilization = 0.01 | pJ/Compute =  150.702 | L5[IWS] N1 - L4[W] N17 I17 O2 - L3[] O2 - L2[] N1 - L1[I] N1 - L0[WS] N2 O4 I2 
[  3] Utilization = 0.01 | pJ/Compute =  149.268 | L5[IWS] N1 - L4[W] N17 I17 O2 - L3[] O2 - L2[I] N1 - L1[] N1 - L0[WS] N2 O4 I2 
[  2] Utilization = 0.02 | pJ/Compute =   43.678 | L5[IWS] I2 N17 - L4[IW] O2 O4X - L3[S] N1 - L2[] O2 N2 - L1[W] N1 - L0[] I17 
[  6] Utilization = 0.01 | pJ/Compute =  179.579 | L5[IWS] N1 - L4[S] I2 - L3[] N1 - L2[] N1 - L1[] N17 I17 O8 - L0[I] N2 O2 
[  6] Utilization = 0.01 | pJ/Compute =  115.955 | L5[IWS] N1 - L4[S] I2 - L3[] N1 - L2[] N1 - L1[] N17 I17 O8 - L0[IW] N2 O2 
[  6] Utilization = 0.01 | pJ/Compute =   74.433 | L5[IWS] N1 - L4[WS] I2 - L3[] N1 - L2[] N1 - L1[] N17 I17 O8 - L0[I] N2 O2 
[  6] Utilization = 0.01 | pJ/Compute =   65.541 | L5[IWS] N1 - L4[WS] I2 - L3[] N1 - L2[] N1 - L1[] N17 I17 O8 - L0[IW] N2 O2 
[  7] Utilization = 0.01 | pJ/Compute =  235.689 | L5[IWS] N1 - L4[S] I2 - L3[] N1 - L2[] I17 - L1[] O8 N17 - L0[I] N2 O2 
[  7] Utilization = 0.01 | pJ/Compute =  180.997 | L5[IWS] N1 - L4[S] I2 - L3[] N1 - L2[] I17 - L1[I] O8 N17 - L0[] N2 O2 
[  7] Utilization = 0.01 | pJ/Compute =  180.581 | L5[IWS] N1 - L4[S] I2 - L3[] N1 - L2[] I17 - L1[I] O8 N17 - L0[I] N2 O2 
[  7] Utilization = 0.01 | pJ/Compute =  175.336 | L5[IWS] N1 - L4[S] I2 - L3[] N1 - L2[] I17 - L1[] O8 N17 - L0[W] N2 O2 
[  7] Utilization = 0.01 | pJ/Compute =  111.712 | L5[IWS] N1 - L4[S] I2 - L3[] N1 - L2[] I17 - L1[] O8 N17 - L0[IW] N2 O2 
[  7] Utilization = 0.01 | pJ/Compute =   57.020 | L5[IWS] N1 - L4[S] I2 - L3[] N1 - L2[] I17 - L1[I] O8 N17 - L0[W] N2 O2 
[  7] Utilization = 0.01 | pJ/Compute =   56.604 | L5[IWS] N1 - L4[S] I2 - L3[] N1 - L2[] I17 - L1[I] O8 N17 - L0[IW] N2 O2 
[  5] Utilization = 0.01 | pJ/Compute =   59.244 | L5[IWS] N1 - L4[IWS] I2 - L3[] N1 - L2[] N1 - L1[] N17 O8 - L0[S] N2 O2 I17 
[  0] Utilization = 0.01 | pJ/Compute =  180.997 | L5[IWS] N1 - L4[S] N1 - L3[] N1 - L2[] I17 - L1[I] I2 - L0[] N34 O16 
[  0] Utilization = 0.01 | pJ/Compute =  175.336 | L5[IWS] N1 - L4[S] N1 - L3[] N1 - L2[] I17 - L1[] I2 - L0[W] N34 O16 
[  0] Utilization = 0.01 | pJ/Compute =   57.020 | L5[IWS] N1 - L4[S] N1 - L3[] N1 - L2[] I17 - L1[I] I2 - L0[W] N34 O16 
[  4] Utilization = 0.01 | pJ/Compute =  235.689 | L5[IWS] N1 - L4[S] I34 - L3[] N1 - L2[] N1 - L1[] O8 N17 - L0[I] N2 O2 
[  4] Utilization = 0.01 | pJ/Compute =  180.997 | L5[IWS] N1 - L4[S] I34 - L3[] N1 - L2[] N1 - L1[I] O8 N17 - L0[] N2 O2 
[  4] Utilization = 0.01 | pJ/Compute =  180.581 | L5[IWS] N1 - L4[S] I34 - L3[] N1 - L2[] N1 - L1[I] O8 N17 - L0[I] N2 O2 
[  4] Utilization = 0.01 | pJ/Compute =  175.336 | L5[IWS] N1 - L4[S] I34 - L3[] N1 - L2[] N1 - L1[] O8 N17 - L0[W] N2 O2 
[  4] Utilization = 0.01 | pJ/Compute =  111.712 | L5[IWS] N1 - L4[S] I34 - L3[] N1 - L2[] N1 - L1[] O8 N17 - L0[IW] N2 O2 
[  4] Utilization = 0.01 | pJ/Compute =   57.020 | L5[IWS] N1 - L4[S] I34 - L3[] N1 - L2[] N1 - L1[I] O8 N17 - L0[W] N2 O2 
[  4] Utilization = 0.01 | pJ/Compute =   56.604 | L5[IWS] N1 - L4[S] I34 - L3[] N1 - L2[] N1 - L1[I] O8 N17 - L0[IW] N2 O2 
[  1] Utilization = 0.01 | pJ/Compute =   41.989 | L5[IWS] N1 - L4[IW] I2 N17 O2 - L3[S] O2 I17 - L2[] N1 - L1[] N1 - L0[IW] N2 O4 
[  6] Utilization = 0.01 | pJ/Compute =   64.569 | L5[IWS] N1 - L4[IW] I2 - L3[] N1 - L2[] N1 - L1[] O8 N17 I17 - L0[S] N2 O2 
[  6] Utilization = 0.01 | pJ/Compute =   55.677 | L5[IWS] N1 - L4[IW] I2 - L3[] N1 - L2[] N1 - L1[] O8 N17 I17 - L0[IS] N2 O2 
[  0] Utilization = 0.05 | pJ/Compute =  286.436 | L5[IWS] N17 - L4[] I17 O2 O4X I2X - L3[] N1 - L2[] N2 O2 - L1[] N1 - L0[] N1 
[  0] Utilization = 0.05 | pJ/Compute =  270.812 | L5[IWS] N17 - L4[] I17 O2 O4X I2X - L3[] N1 - L2[] N2 O2 - L1[] N1 - L0[I] N1 
[  0] Utilization = 0.05 | pJ/Compute =  262.731 | L5[IWS] N17 - L4[] I17 O2 O4X I2X - L3[] N1 - L2[I] N2 O2 - L1[] N1 - L0[] N1 
[  0] Utilization = 0.05 | pJ/Compute =  222.790 | L5[IWS] N17 - L4[] I17 O2 O4X I2X - L3[] N1 - L2[W] N2 O2 - L1[] N1 - L0[] N1 
[  0] Utilization = 0.05 | pJ/Compute =  207.166 | L5[IWS] N17 - L4[] I17 O2 O4X I2X - L3[] N1 - L2[W] N2 O2 - L1[] N1 - L0[I] N1 
[  0] Utilization = 0.05 | pJ/Compute =  199.086 | L5[IWS] N17 - L4[] I17 O2 O4X I2X - L3[] N1 - L2[IW] N2 O2 - L1[] N1 - L0[] N1 
[  0] Utilization = 0.05 | pJ/Compute =  181.289 | L5[IWS] N17 - L4[W] I17 O2 O4X I2X - L3[] N1 - L2[] N2 O2 - L1[] N1 - L0[] N1 
[  0] Utilization = 0.05 | pJ/Compute =  165.666 | L5[IWS] N17 - L4[W] I17 O2 O4X I2X - L3[] N1 - L2[] N2 O2 - L1[] N1 - L0[I] N1 
[  0] Utilization = 0.05 | pJ/Compute =  157.585 | L5[IWS] N17 - L4[W] I17 O2 O4X I2X - L3[] N1 - L2[I] N2 O2 - L1[] N1 - L0[] N1 
[  0] Utilization = 0.05 | pJ/Compute =  156.752 | L5[IWS] N17 - L4[W] I17 O2 O4X I2X - L3[] N1 - L2[W] N2 O2 - L1[] N1 - L0[I] N1 
[  0] Utilization = 0.05 | pJ/Compute =  148.671 | L5[IWS] N17 - L4[W] I17 O2 O4X I2X - L3[] N1 - L2[IW] N2 O2 - L1[] N1 - L0[] N1 
[  1] Utilization = 0.01 | pJ/Compute =   38.432 | L5[IWS] N1 - L4[IWS] I2 N17 O2 - L3[] O2 I17 - L2[] N1 - L1[I] N1 - L0[WS] N2 O4 
[  1] Utilization = 0.01 | pJ/Compute =   36.745 | L5[IWS] N1 - L4[IWS] I2 N17 O2 - L3[] O2 I17 - L2[I] N1 - L1[] N1 - L0[WS] N2 O4 
[  6] Utilization = 0.01 | pJ/Compute =   50.352 | L5[IWS] N1 - L4[IWS] I2 - L3[] N1 - L2[] N1 - L1[] O8 N17 I17 - L0[IS] N2 O2 
[  3] Utilization = 0.01 | pJ/Compute =  115.955 | L5[IWS] N1 - L4[S] N17 I17 O2 - L3[] O2 - L2[] N1 - L1[] N1 - L0[IW] N2 O4 I2 
[  4] Utilization = 0.01 | pJ/Compute =   55.552 | L5[IWS] N1 - L4[S] I34 - L3[W] N1 - L2[] N1 - L1[] N17 O8 - L0[I] N2 O2 
[  3] Utilization = 0.01 | pJ/Compute =   74.433 | L5[IWS] N1 - L4[WS] N17 I17 O2 - L3[] O2 - L2[] N1 - L1[] N1 - L0[I] N2 O4 I2 
[  3] Utilization = 0.01 | pJ/Compute =   65.541 | L5[IWS] N1 - L4[WS] N17 I17 O2 - L3[] O2 - L2[] N1 - L1[] N1 - L0[IW] N2 O4 I2 
[  3] Utilization = 0.01 | pJ/Compute =   65.468 | L5[IWS] N1 - L4[WS] N17 I17 O2 - L3[I] O2 - L2[W] N1 - L1[] N1 - L0[] N2 O4 I2 
[  3] Utilization = 0.01 | pJ/Compute =   56.383 | L5[IWS] N1 - L4[WS] N17 I17 O2 - L3[] O2 - L2[] N1 - L1[] N1 - L0[IS] N2 O4 I2 
[  3] Utilization = 0.01 | pJ/Compute =   48.909 | L5[IWS] N1 - L4[WS] N17 I17 O2 - L3[] O2 - L2[] N1 - L1[I] N1 - L0[WS] N2 O4 I2 
[  3] Utilization = 0.01 | pJ/Compute =   47.476 | L5[IWS] N1 - L4[WS] N17 I17 O2 - L3[] O2 - L2[I] N1 - L1[] N1 - L0[WS] N2 O4 I2 
[  3] Utilization = 0.01 | pJ/Compute =   47.417 | L5[IWS] N1 - L4[WS] N17 I17 O2 - L3[I] O2 - L2[W] N1 - L1[] N1 - L0[S] N2 O4 I2 
[  1] Utilization = 0.01 | pJ/Compute =   36.664 | L5[IWS] N1 - L4[IWS] I2 N17 O2 - L3[S] O2 I17 - L2[] N1 - L1[] N1 - L0[IW] N2 O4 
[  1] Utilization = 0.01 | pJ/Compute =   36.624 | L5[IWS] N1 - L4[IWS] I2 N17 O2 - L3[S] O2 I17 - L2[IW] N1 - L1[] N1 - L0[] N2 O4 
[  3] Utilization = 0.01 | pJ/Compute =   47.367 | L5[IWS] N1 - L4[WS] N17 I17 O2 - L3[W] O2 - L2[IS] N1 - L1[] N1 - L0[] N2 O4 I2 
[  5] Utilization = 0.01 | pJ/Compute =   56.367 | L5[IWS] N1 - L4[WS] I17 N17 O2 - L3[] O2 - L2[I] I2 - L1[] N1 - L0[S] N2 O4 
[  5] Utilization = 0.01 | pJ/Compute =   47.476 | L5[IWS] N1 - L4[WS] I17 N17 O2 - L3[] O2 - L2[I] I2 - L1[] N1 - L0[WS] N2 O4 
[  5] Utilization = 0.01 | pJ/Compute =   47.417 | L5[IWS] N1 - L4[WS] I17 N17 O2 - L3[I] O2 - L2[W] I2 - L1[] N1 - L0[S] N2 O4 
[  3] Utilization = 0.01 | pJ/Compute =   45.505 | L5[IWS] N1 - L4[W] O2 N17 I17 - L3[S] O2 - L2[] N1 - L1[] N1 - L0[I] N2 O4 I2 
[  3] Utilization = 0.01 | pJ/Compute =   40.997 | L5[IWS] N1 - L4[IW] O2 N17 I17 - L3[S] O2 - L2[] N1 - L1[] N1 - L0[I] N2 O4 I2 
[  3] Utilization = 0.01 | pJ/Compute =   36.613 | L5[IWS] N1 - L4[W] O2 N17 I17 - L3[S] O2 - L2[] N1 - L1[] N1 - L0[IW] N2 O4 I2 
[  3] Utilization = 0.01 | pJ/Compute =   32.106 | L5[IWS] N1 - L4[IW] O2 N17 I17 - L3[S] O2 - L2[] N1 - L1[] N1 - L0[IW] N2 O4 I2 
[  3] Utilization = 0.01 | pJ/Compute =   32.067 | L5[IWS] N1 - L4[IW] O2 N17 I17 - L3[S] O2 - L2[IW] N1 - L1[] N1 - L0[] N2 O4 I2 
[  4] Utilization = 0.01 | pJ/Compute =   48.909 | L5[IWS] N1 - L4[WS] N17 I17 O2 - L3[] O2 - L2[] N1 - L1[I] I2 - L0[WS] N2 O4 
[  4] Utilization = 0.01 | pJ/Compute =   47.476 | L5[IWS] N1 - L4[WS] N17 I17 O2 - L3[] O2 - L2[I] N1 - L1[] I2 - L0[WS] N2 O4 
[  4] Utilization = 0.01 | pJ/Compute =   47.417 | L5[IWS] N1 - L4[WS] N17 I17 O2 - L3[I] O2 - L2[W] N1 - L1[] I2 - L0[S] N2 O4 
[  7] Utilization = 0.01 | pJ/Compute =   56.331 | L5[IWS] N1 - L4[WS] N17 I17 O2 - L3[I] O2 I2 - L2[] N1 - L1[] N1 - L0[S] N2 O4 
[  7] Utilization = 0.01 | pJ/Compute =   47.439 | L5[IWS] N1 - L4[WS] N17 I17 O2 - L3[I] O2 I2 - L2[] N1 - L1[] N1 - L0[WS] N2 O4 
[  5] Utilization = 0.01 | pJ/Compute =   47.367 | L5[IWS] N1 - L4[WS] I17 N17 O2 - L3[W] O2 - L2[IS] I2 - L1[] N1 - L0[] N2 O4 
[  0] Utilization = 0.05 | pJ/Compute =  120.997 | L5[IWS] N17 - L4[S] I17 O2 O4X I2X - L3[] N1 - L2[W] N2 O2 - L1[] N1 - L0[] N1 
[  0] Utilization = 0.05 | pJ/Compute =  105.374 | L5[IWS] N17 - L4[S] I17 O2 O4X I2X - L3[] N1 - L2[W] N2 O2 - L1[] N1 - L0[I] N1 
[  0] Utilization = 0.05 | pJ/Compute =   97.293 | L5[IWS] N17 - L4[S] I17 O2 O4X I2X - L3[] N1 - L2[IW] N2 O2 - L1[] N1 - L0[] N1 
[  0] Utilization = 0.05 | pJ/Compute =   79.497 | L5[IWS] N17 - L4[WS] I17 O2 O4X I2X - L3[] N1 - L2[] N2 O2 - L1[] N1 - L0[] N1 
[  0] Utilization = 0.05 | pJ/Compute =   63.873 | L5[IWS] N17 - L4[WS] I17 O2 O4X I2X - L3[] N1 - L2[] N2 O2 - L1[] N1 - L0[I] N1 
[  0] Utilization = 0.05 | pJ/Compute =   55.792 | L5[IWS] N17 - L4[WS] I17 O2 O4X I2X - L3[] N1 - L2[I] N2 O2 - L1[] N1 - L0[] N1 
[  0] Utilization = 0.05 | pJ/Compute =   54.959 | L5[IWS] N17 - L4[WS] I17 O2 O4X I2X - L3[] N1 - L2[W] N2 O2 - L1[] N1 - L0[I] N1 
[  0] Utilization = 0.05 | pJ/Compute =   46.878 | L5[IWS] N17 - L4[WS] I17 O2 O4X I2X - L3[] N1 - L2[IW] N2 O2 - L1[] N1 - L0[] N1 
[  0] Utilization = 0.05 | pJ/Compute =   46.827 | L5[IWS] N17 - L4[WS] I17 O2 O4X I2X - L3[W] N1 - L2[I] N2 O2 - L1[] N1 - L0[] N1 
[  4] Utilization = 0.01 | pJ/Compute =   47.367 | L5[IWS] N1 - L4[WS] N17 I17 O2 - L3[W] O2 - L2[IS] N1 - L1[] I2 - L0[] N2 O4 
[  7] Utilization = 0.01 | pJ/Compute =   47.382 | L5[IWS] N1 - L4[WS] N17 I17 O2 - L3[I] O2 I2 - L2[WS] N1 - L1[] N1 - L0[] N2 O4 
[  6] Utilization = 0.05 | pJ/Compute =  350.436 | L5[IWS] N1 - L4[] O2 I2 O4X - L3[] N17 N2Y - L2[] N1 - L1[] I17 O2 - L0[] N1 
[  6] Utilization = 0.05 | pJ/Compute =  334.812 | L5[IWS] N1 - L4[] O2 I2 O4X - L3[] N17 N2Y - L2[] N1 - L1[] I17 O2 - L0[I] N1 
[  6] Utilization = 0.05 | pJ/Compute =  332.245 | L5[IWS] N1 - L4[I] O2 I2 O4X - L3[] N17 N2Y - L2[] N1 - L1[] I17 O2 - L0[] N1 
[  6] Utilization = 0.05 | pJ/Compute =  330.304 | L5[IWS] N1 - L4[I] O2 I2 O4X - L3[] N17 N2Y - L2[] N1 - L1[] I17 O2 - L0[I] N1 
[  6] Utilization = 0.05 | pJ/Compute =  291.879 | L5[IWS] N1 - L4[] O2 I2 O4X - L3[] N17 N2Y - L2[] N1 - L1[W] I17 O2 - L0[] N1 
[  6] Utilization = 0.05 | pJ/Compute =  276.255 | L5[IWS] N1 - L4[] O2 I2 O4X - L3[] N17 N2Y - L2[] N1 - L1[W] I17 O2 - L0[I] N1 
[  6] Utilization = 0.05 | pJ/Compute =  273.688 | L5[IWS] N1 - L4[I] O2 I2 O4X - L3[] N17 N2Y - L2[] N1 - L1[W] I17 O2 - L0[] N1 
[  6] Utilization = 0.05 | pJ/Compute =  271.748 | L5[IWS] N1 - L4[I] O2 I2 O4X - L3[] N17 N2Y - L2[] N1 - L1[W] I17 O2 - L0[I] N1 
[  6] Utilization = 0.05 | pJ/Compute =  112.712 | L5[IWS] N1 - L4[] O2 I2 O4X - L3[] N17 N2Y - L2[] N1 - L1[S] I17 O2 - L0[] N1 
[  6] Utilization = 0.05 | pJ/Compute =   97.088 | L5[IWS] N1 - L4[] O2 I2 O4X - L3[] N17 N2Y - L2[] N1 - L1[S] I17 O2 - L0[I] N1 
[  6] Utilization = 0.05 | pJ/Compute =   94.521 | L5[IWS] N1 - L4[I] O2 I2 O4X - L3[] N17 N2Y - L2[] N1 - L1[S] I17 O2 - L0[] N1 
[  6] Utilization = 0.05 | pJ/Compute =   92.581 | L5[IWS] N1 - L4[I] O2 I2 O4X - L3[] N17 N2Y - L2[] N1 - L1[S] I17 O2 - L0[I] N1 
[  6] Utilization = 0.05 | pJ/Compute =   54.156 | L5[IWS] N1 - L4[] O2 I2 O4X - L3[] N17 N2Y - L2[] N1 - L1[WS] I17 O2 - L0[] N1 
[  6] Utilization = 0.05 | pJ/Compute =   38.532 | L5[IWS] N1 - L4[] O2 I2 O4X - L3[] N17 N2Y - L2[] N1 - L1[WS] I17 O2 - L0[I] N1 
[  6] Utilization = 0.05 | pJ/Compute =   35.965 | L5[IWS] N1 - L4[I] O2 I2 O4X - L3[] N17 N2Y - L2[] N1 - L1[WS] I17 O2 - L0[] N1 
[  6] Utilization = 0.05 | pJ/Compute =   34.024 | L5[IWS] N1 - L4[I] O2 I2 O4X - L3[] N17 N2Y - L2[] N1 - L1[WS] I17 O2 - L0[I] N1 
[  6] Utilization = 0.05 | pJ/Compute =   33.227 | L5[IWS] N1 - L4[I] O2 I2 O4X - L3[] N17 N2Y - L2[S] N1 - L1[W] I17 O2 - L0[] N1 
[  6] Utilization = 0.05 | pJ/Compute =   31.286 | L5[IWS] N1 - L4[I] O2 I2 O4X - L3[] N17 N2Y - L2[S] N1 - L1[W] I17 O2 - L0[I] N1 
[  6] Utilization = 0.05 | pJ/Compute =   30.640 | L5[IWS] N1 - L4[IS] O2 I2 O4X - L3[] N17 N2Y - L2[] N1 - L1[WS] I17 O2 - L0[] N1 
[  6] Utilization = 0.05 | pJ/Compute =   28.699 | L5[IWS] N1 - L4[IS] O2 I2 O4X - L3[] N17 N2Y - L2[] N1 - L1[WS] I17 O2 - L0[I] N1 
[  6] Utilization = 0.05 | pJ/Compute =   27.902 | L5[IWS] N1 - L4[IS] O2 I2 O4X - L3[] N17 N2Y - L2[S] N1 - L1[W] I17 O2 - L0[] N1 
[  6] Utilization = 0.05 | pJ/Compute =   25.961 | L5[IWS] N1 - L4[IS] O2 I2 O4X - L3[] N17 N2Y - L2[S] N1 - L1[W] I17 O2 - L0[I] N1 
[  2] Utilization = 0.02 | pJ/Compute =   42.374 | L5[IWS] I17 - L4[S] O4 N2X O2X - L3[] N1 - L2[] N1 - L1[IS] O2 I2 - L0[W] N17 
[  2] Utilization = 0.02 | pJ/Compute =   42.322 | L5[IWS] I17 - L4[S] O4 N2X O2X - L3[W] N1 - L2[] N1 - L1[IS] O2 I2 - L0[] N17 
[  2] Utilization = 0.02 | pJ/Compute =   37.779 | L5[IWS] O2 - L4[] N1 O4X - L3[] N34 - L2[] N1 - L1[IW] I2 O2 - L0[S] I17 
[  2] Utilization = 0.02 | pJ/Compute =   33.210 | L5[IWS] O2 - L4[I] N1 O4X - L3[] N34 - L2[] N1 - L1[W] I2 O2 - L0[S] I17 
[  2] Utilization = 0.02 | pJ/Compute =   28.342 | L5[IWS] O2 - L4[I] N1 O4X - L3[] N34 - L2[] N1 - L1[WS] I2 O2 - L0[] I17 
[  2] Utilization = 0.02 | pJ/Compute =   25.867 | L5[IWS] O2 - L4[I] N1 O4X - L3[] N34 - L2[] N1 - L1[WS] I2 O2 - L0[S] I17 
[  5] Utilization = 0.01 | pJ/Compute =   45.501 | L5[IWS] N1 - L4[S] I17 O2 N17 - L3[W] O2 - L2[I] I2 - L1[] N1 - L0[S] N2 O4 
[  5] Utilization = 0.01 | pJ/Compute =   43.358 | L5[IWS] N1 - L4[IS] I17 O2 N17 - L3[W] O2 - L2[] I2 - L1[] N1 - L0[IS] N2 O4 
[  5] Utilization = 0.01 | pJ/Compute =   40.993 | L5[IWS] N1 - L4[IS] I17 O2 N17 - L3[W] O2 - L2[I] I2 - L1[] N1 - L0[S] N2 O4 
[  2] Utilization = 0.02 | pJ/Compute =   25.644 | L5[IWS] O2 - L4[I] N1 O4X - L3[] N34 - L2[S] N1 - L1[W] I2 O2 - L0[] I17 
[  4] Utilization = 0.01 | pJ/Compute =   47.019 | L5[IWS] N1 - L4[S] I17 O2 N17 - L3[W] O2 - L2[] N1 - L1[I] I2 - L0[S] N2 O4 
[  4] Utilization = 0.01 | pJ/Compute =   46.143 | L5[IWS] N1 - L4[S] I17 O2 N17 - L3[W] O2 - L2[] N1 - L1[I] I2 - L0[IS] N2 O4 
[  4] Utilization = 0.01 | pJ/Compute =   45.501 | L5[IWS] N1 - L4[S] I17 O2 N17 - L3[W] O2 - L2[I] N1 - L1[] I2 - L0[S] N2 O4 
[  4] Utilization = 0.01 | pJ/Compute =   43.358 | L5[IWS] N1 - L4[IS] I17 O2 N17 - L3[W] O2 - L2[] N1 - L1[] I2 - L0[IS] N2 O4 
[  4] Utilization = 0.01 | pJ/Compute =   42.511 | L5[IWS] N1 - L4[IS] I17 O2 N17 - L3[W] O2 - L2[] N1 - L1[I] I2 - L0[S] N2 O4 
[  4] Utilization = 0.01 | pJ/Compute =   41.636 | L5[IWS] N1 - L4[IS] I17 O2 N17 - L3[W] O2 - L2[] N1 - L1[I] I2 - L0[IS] N2 O4 
[  4] Utilization = 0.01 | pJ/Compute =   40.993 | L5[IWS] N1 - L4[IS] I17 O2 N17 - L3[W] O2 - L2[I] N1 - L1[] I2 - L0[S] N2 O4 
[  7] Utilization = 0.01 | pJ/Compute =   43.358 | L5[IWS] N1 - L4[IS] I17 O2 N17 - L3[W] O2 I2 - L2[] N1 - L1[] N1 - L0[IS] N2 O4 
[  7] Utilization = 0.01 | pJ/Compute =   43.304 | L5[IWS] N1 - L4[IS] I17 O2 N17 - L3[W] O2 I2 - L2[IS] N1 - L1[] N1 - L0[] N2 O4 
[  1] Utilization = 0.10 | pJ/Compute =  334.436 | L5[IWS] N1 - L4[] I2 O2 O8X - L3[] I17 N17 N2Y - L2[] N1 - L1[] N1 - L0[] N1 
[  1] Utilization = 0.10 | pJ/Compute =  329.928 | L5[IWS] N1 - L4[I] I2 O2 O8X - L3[] I17 N17 N2Y - L2[] N1 - L1[] N1 - L0[] N1 
[  1] Utilization = 0.10 | pJ/Compute =  274.466 | L5[IWS] N1 - L4[] I2 O2 O8X - L3[] I17 N17 N2Y - L2[] N1 - L1[] N1 - L0[W] N1 
[  1] Utilization = 0.10 | pJ/Compute =  269.958 | L5[IWS] N1 - L4[I] I2 O2 O8X - L3[] I17 N17 N2Y - L2[] N1 - L1[] N1 - L0[W] N1 
[  3] Utilization = 0.10 | pJ/Compute =  334.436 | L5[IWS] N1 - L4[] O2 I17 O8X - L3[] N17 N2Y - L2[] N1 - L1[] N1 - L0[] I2 
[  3] Utilization = 0.10 | pJ/Compute =  329.928 | L5[IWS] N1 - L4[I] O2 I17 O8X - L3[] N17 N2Y - L2[] N1 - L1[] N1 - L0[] I2 
[  3] Utilization = 0.10 | pJ/Compute =  274.466 | L5[IWS] N1 - L4[] O2 I17 O8X - L3[] N17 N2Y - L2[] N1 - L1[] N1 - L0[W] I2 
[  3] Utilization = 0.10 | pJ/Compute =  269.958 | L5[IWS] N1 - L4[I] O2 I17 O8X - L3[] N17 N2Y - L2[] N1 - L1[] N1 - L0[W] I2 
[  3] Utilization = 0.10 | pJ/Compute =  207.055 | L5[IWS] N1 - L4[] O2 I17 O8X - L3[] N17 N2Y - L2[] N1 - L1[] N1 - L0[S] I2 
[  3] Utilization = 0.10 | pJ/Compute =  202.548 | L5[IWS] N1 - L4[I] O2 I17 O8X - L3[] N17 N2Y - L2[] N1 - L1[] N1 - L0[S] I2 
[  3] Utilization = 0.10 | pJ/Compute =  147.086 | L5[IWS] N1 - L4[] O2 I17 O8X - L3[] N17 N2Y - L2[] N1 - L1[] N1 - L0[WS] I2 
[  3] Utilization = 0.10 | pJ/Compute =  142.578 | L5[IWS] N1 - L4[I] O2 I17 O8X - L3[] N17 N2Y - L2[] N1 - L1[] N1 - L0[WS] I2 
[  3] Utilization = 0.10 | pJ/Compute =  142.419 | L5[IWS] N1 - L4[I] O2 I17 O8X - L3[W] N17 N2Y - L2[] N1 - L1[] N1 - L0[S] I2 
[  3] Utilization = 0.10 | pJ/Compute =  105.263 | L5[IWS] N1 - L4[S] O2 I17 O8X - L3[] N17 N2Y - L2[] N1 - L1[] N1 - L0[S] I2 
[  3] Utilization = 0.10 | pJ/Compute =  100.755 | L5[IWS] N1 - L4[IS] O2 I17 O8X - L3[] N17 N2Y - L2[] N1 - L1[] N1 - L0[S] I2 
[  3] Utilization = 0.10 | pJ/Compute =   45.293 | L5[IWS] N1 - L4[S] O2 I17 O8X - L3[] N17 N2Y - L2[] N1 - L1[] N1 - L0[WS] I2 
[  3] Utilization = 0.10 | pJ/Compute =   40.785 | L5[IWS] N1 - L4[IS] O2 I17 O8X - L3[] N17 N2Y - L2[] N1 - L1[] N1 - L0[WS] I2 
[  3] Utilization = 0.10 | pJ/Compute =   40.626 | L5[IWS] N1 - L4[IS] O2 I17 O8X - L3[W] N17 N2Y - L2[] N1 - L1[] N1 - L0[S] I2 
[  4] Utilization = 0.05 | pJ/Compute =  350.436 | L5[IWS] N1 - L4[] O2 I34 O4X - L3[] N17 N2Y - L2[] N1 - L1[] O2 - L0[] N1 
[  4] Utilization = 0.05 | pJ/Compute =  334.812 | L5[IWS] N1 - L4[] O2 I34 O4X - L3[] N17 N2Y - L2[] N1 - L1[] O2 - L0[I] N1 
[  4] Utilization = 0.05 | pJ/Compute =  332.245 | L5[IWS] N1 - L4[I] O2 I34 O4X - L3[] N17 N2Y - L2[] N1 - L1[] O2 - L0[] N1 
[  4] Utilization = 0.05 | pJ/Compute =  330.304 | L5[IWS] N1 - L4[I] O2 I34 O4X - L3[] N17 N2Y - L2[] N1 - L1[] O2 - L0[I] N1 
[  4] Utilization = 0.05 | pJ/Compute =  291.879 | L5[IWS] N1 - L4[] O2 I34 O4X - L3[] N17 N2Y - L2[] N1 - L1[W] O2 - L0[] N1 
[  4] Utilization = 0.05 | pJ/Compute =  276.255 | L5[IWS] N1 - L4[] O2 I34 O4X - L3[] N17 N2Y - L2[] N1 - L1[W] O2 - L0[I] N1 
[  4] Utilization = 0.05 | pJ/Compute =  273.688 | L5[IWS] N1 - L4[I] O2 I34 O4X - L3[] N17 N2Y - L2[] N1 - L1[W] O2 - L0[] N1 
[  4] Utilization = 0.05 | pJ/Compute =  271.748 | L5[IWS] N1 - L4[I] O2 I34 O4X - L3[] N17 N2Y - L2[] N1 - L1[W] O2 - L0[I] N1 
[  4] Utilization = 0.05 | pJ/Compute =  270.319 | L5[IWS] N1 - L4[I] O2 I34 O4X - L3[] N17 N2Y - L2[W] N1 - L1[] O2 - L0[I] N1 
[  4] Utilization = 0.05 | pJ/Compute =  139.313 | L5[IWS] N1 - L4[S] O2 I34 O4X - L3[] N17 N2Y - L2[] N1 - L1[] O2 - L0[] N1 
[  4] Utilization = 0.05 | pJ/Compute =  123.689 | L5[IWS] N1 - L4[S] O2 I34 O4X - L3[] N17 N2Y - L2[] N1 - L1[] O2 - L0[I] N1 
[  4] Utilization = 0.05 | pJ/Compute =  121.122 | L5[IWS] N1 - L4[IS] O2 I34 O4X - L3[] N17 N2Y - L2[] N1 - L1[] O2 - L0[] N1 
[  4] Utilization = 0.05 | pJ/Compute =  119.181 | L5[IWS] N1 - L4[IS] O2 I34 O4X - L3[] N17 N2Y - L2[] N1 - L1[] O2 - L0[I] N1 
[  4] Utilization = 0.05 | pJ/Compute =   80.756 | L5[IWS] N1 - L4[S] O2 I34 O4X - L3[] N17 N2Y - L2[] N1 - L1[W] O2 - L0[] N1 
[  4] Utilization = 0.05 | pJ/Compute =   65.132 | L5[IWS] N1 - L4[S] O2 I34 O4X - L3[] N17 N2Y - L2[] N1 - L1[W] O2 - L0[I] N1 
[  4] Utilization = 0.05 | pJ/Compute =   62.565 | L5[IWS] N1 - L4[IS] O2 I34 O4X - L3[] N17 N2Y - L2[] N1 - L1[W] O2 - L0[] N1 
[  4] Utilization = 0.05 | pJ/Compute =   60.625 | L5[IWS] N1 - L4[IS] O2 I34 O4X - L3[] N17 N2Y - L2[] N1 - L1[W] O2 - L0[I] N1 
[  4] Utilization = 0.05 | pJ/Compute =   59.196 | L5[IWS] N1 - L4[IS] O2 I34 O4X - L3[] N17 N2Y - L2[W] N1 - L1[] O2 - L0[I] N1 
[  4] Utilization = 0.05 | pJ/Compute =   59.053 | L5[IWS] N1 - L4[IS] O2 I34 O4X - L3[W] N17 N2Y - L2[] N1 - L1[] O2 - L0[I] N1 
[  6] Utilization = 0.05 | pJ/Compute =   24.104 | L5[IWS] N1 - L4[S] I2 N17 O2X - L3[] N1 N2Y O2Y - L2[] N1 - L1[IW] O2 I17 - L0[S] O2 
[  6] Utilization = 0.05 | pJ/Compute =   23.687 | L5[IWS] N1 - L4[S] I2 N17 O2X - L3[] N1 N2Y O2Y - L2[] N1 - L1[IW] O2 I17 - L0[IS] O2 
[  6] Utilization = 0.05 | pJ/Compute =   23.658 | L5[IWS] N1 - L4[S] I2 N17 O2X - L3[] N1 N2Y O2Y - L2[S] N1 - L1[IW] O2 I17 - L0[I] O2 
[  6] Utilization = 0.05 | pJ/Compute =   23.588 | L5[IWS] N1 - L4[S] I2 N17 O2X - L3[S] N1 N2Y O2Y - L2[] N1 - L1[IW] O2 I17 - L0[I] O2 
[  6] Utilization = 0.05 | pJ/Compute =   22.406 | L5[IWS] N1 - L4[S] I2 N17 O2X - L3[] N1 N2Y O2Y - L2[S] N1 - L1[W] I17 O2 - L0[I] O2 
[  6] Utilization = 0.05 | pJ/Compute =   22.336 | L5[IWS] N1 - L4[S] I2 N17 O2X - L3[S] N1 N2Y O2Y - L2[] N1 - L1[W] I17 O2 - L0[I] O2 
[  7] Utilization = 0.05 | pJ/Compute =  350.436 | L5[IWS] N1 - L4[] O2 I2 O4X - L3[] N17 N2Y - L2[] I17 - L1[] O2 - L0[] N1 
[  7] Utilization = 0.05 | pJ/Compute =  334.812 | L5[IWS] N1 - L4[] O2 I2 O4X - L3[] N17 N2Y - L2[] I17 - L1[] O2 - L0[I] N1 
[  7] Utilization = 0.05 | pJ/Compute =  332.245 | L5[IWS] N1 - L4[I] O2 I2 O4X - L3[] N17 N2Y - L2[] I17 - L1[] O2 - L0[] N1 
[  7] Utilization = 0.05 | pJ/Compute =  330.304 | L5[IWS] N1 - L4[I] O2 I2 O4X - L3[] N17 N2Y - L2[] I17 - L1[] O2 - L0[I] N1 
[  7] Utilization = 0.05 | pJ/Compute =  300.021 | L5[IWS] N1 - L4[W] O2 I2 O4X - L3[] N17 N2Y - L2[] I17 - L1[] O2 - L0[] N1 
[  7] Utilization = 0.05 | pJ/Compute =  284.398 | L5[IWS] N1 - L4[W] O2 I2 O4X - L3[] N17 N2Y - L2[] I17 - L1[] O2 - L0[I] N1 
[  7] Utilization = 0.05 | pJ/Compute =  281.831 | L5[IWS] N1 - L4[IW] O2 I2 O4X - L3[] N17 N2Y - L2[] I17 - L1[] O2 - L0[] N1 
[  7] Utilization = 0.05 | pJ/Compute =  279.890 | L5[IWS] N1 - L4[IW] O2 I2 O4X - L3[] N17 N2Y - L2[] I17 - L1[] O2 - L0[I] N1 
[  7] Utilization = 0.05 | pJ/Compute =  112.712 | L5[IWS] N1 - L4[] O2 I2 O4X - L3[] N17 N2Y - L2[] I17 - L1[S] O2 - L0[] N1 
[  7] Utilization = 0.05 | pJ/Compute =   97.088 | L5[IWS] N1 - L4[] O2 I2 O4X - L3[] N17 N2Y - L2[] I17 - L1[S] O2 - L0[I] N1 
[  7] Utilization = 0.05 | pJ/Compute =   94.521 | L5[IWS] N1 - L4[I] O2 I2 O4X - L3[] N17 N2Y - L2[] I17 - L1[S] O2 - L0[] N1 
[  7] Utilization = 0.05 | pJ/Compute =   92.581 | L5[IWS] N1 - L4[I] O2 I2 O4X - L3[] N17 N2Y - L2[] I17 - L1[S] O2 - L0[I] N1 
[  7] Utilization = 0.05 | pJ/Compute =   62.298 | L5[IWS] N1 - L4[W] O2 I2 O4X - L3[] N17 N2Y - L2[] I17 - L1[S] O2 - L0[] N1 
[  7] Utilization = 0.05 | pJ/Compute =   46.674 | L5[IWS] N1 - L4[W] O2 I2 O4X - L3[] N17 N2Y - L2[] I17 - L1[S] O2 - L0[I] N1 
[  7] Utilization = 0.05 | pJ/Compute =   44.107 | L5[IWS] N1 - L4[IW] O2 I2 O4X - L3[] N17 N2Y - L2[] I17 - L1[S] O2 - L0[] N1 
[  7] Utilization = 0.05 | pJ/Compute =   42.166 | L5[IWS] N1 - L4[IW] O2 I2 O4X - L3[] N17 N2Y - L2[] I17 - L1[S] O2 - L0[I] N1 
[  7] Utilization = 0.05 | pJ/Compute =   41.369 | L5[IWS] N1 - L4[IW] O2 I2 O4X - L3[] N17 N2Y - L2[S] I17 - L1[] O2 - L0[] N1 
[  7] Utilization = 0.05 | pJ/Compute =   39.428 | L5[IWS] N1 - L4[IW] O2 I2 O4X - L3[] N17 N2Y - L2[S] I17 - L1[] O2 - L0[I] N1 
[  7] Utilization = 0.05 | pJ/Compute =   38.782 | L5[IWS] N1 - L4[IWS] O2 I2 O4X - L3[] N17 N2Y - L2[] I17 - L1[S] O2 - L0[] N1 
[  7] Utilization = 0.05 | pJ/Compute =   36.841 | L5[IWS] N1 - L4[IWS] O2 I2 O4X - L3[] N17 N2Y - L2[] I17 - L1[S] O2 - L0[I] N1 
[  7] Utilization = 0.05 | pJ/Compute =   36.044 | L5[IWS] N1 - L4[IWS] O2 I2 O4X - L3[] N17 N2Y - L2[S] I17 - L1[] O2 - L0[] N1 
[  7] Utilization = 0.05 | pJ/Compute =   34.103 | L5[IWS] N1 - L4[IWS] O2 I2 O4X - L3[] N17 N2Y - L2[S] I17 - L1[] O2 - L0[I] N1 
Interrupt caught. Mapper threads will terminate after completing any ongoing evaluations.
[  7] STATEMENT: global termination flag activated, terminating search.
